<?xml version="1.0" encoding="UTF-8"?>
<!-- Generated by org.testng.reporters.JUnitReportReporter -->
<testsuite hostname="LAPTOP-PG58VPJS" failures="0" tests="3" name="practice.test.GetProductInfoTest" time="0.007" errors="0" timestamp="2024-06-20T17:04:47 IST" skipped="0">
  <testcase classname="practice.test.GetProductInfoTest" name="getProductinfoTest" time="0.005"/>
  <testcase classname="practice.test.GetProductInfoTest" name="getProductinfoTest" time="0.001"/>
  <testcase classname="practice.test.GetProductInfoTest" name="getProductinfoTest" time="0.001"/>
</testsuite> <!-- practice.test.GetProductInfoTest -->
