<?xml version="1.0" encoding="UTF-8"?>
<!-- Generated by org.testng.reporters.JUnitReportReporter -->
<testsuite hostname="LAPTOP-PG58VPJS" failures="0" tests="1" name="com.supplychain.integrationtest.IntegrationScenarios" time="32.520" errors="0" timestamp="2024-08-14T12:17:23 IST" skipped="0">
  <testcase classname="com.supplychain.integrationtest.IntegrationScenarios" name="addProductanddeleteProduct" time="32.520"/>
</testsuite> <!-- com.supplychain.integrationtest.IntegrationScenarios -->
