<?xml version="1.0" encoding="UTF-8"?>
<!-- Generated by org.testng.reporters.JUnitReportReporter -->
<testsuite hostname="LAPTOP-PG58VPJS" failures="0" tests="7" name="com.supplychain.endtoendtest.End_To_End_Scenarios" time="36.051" errors="0" timestamp="2024-08-14T12:11:37 IST" skipped="0">
  <testcase classname="com.supplychain.endtoendtest.End_To_End_Scenarios" name="addProduct" time="4.908"/>
  <testcase classname="com.supplychain.endtoendtest.End_To_End_Scenarios" name="addProductwithSpecialCharacters" time="4.701"/>
  <testcase classname="com.supplychain.endtoendtest.End_To_End_Scenarios" name="deleteManufacturer" time="3.467"/>
  <testcase classname="com.supplychain.endtoendtest.End_To_End_Scenarios" name="addProductLeaveUnitTypeEmpty" time="4.611"/>
  <testcase classname="com.supplychain.endtoendtest.End_To_End_Scenarios" name="createRetailer" time="10.724"/>
  <testcase classname="com.supplychain.endtoendtest.End_To_End_Scenarios" name="addProductLeavetextfieldEmpty" time="5.164"/>
  <testcase classname="com.supplychain.endtoendtest.End_To_End_Scenarios" name="createManufacturertest" time="2.476"/>
</testsuite> <!-- com.supplychain.endtoendtest.End_To_End_Scenarios -->
