<?xml version="1.0" encoding="UTF-8"?>
<!-- Generated by org.testng.reporters.JUnitReportReporter -->
<testsuite hostname="LAPTOP-PG58VPJS" failures="0" tests="2" name="com.crm.genericutility.Example" time="9.862" errors="0" timestamp="2024-06-14T12:05:41 IST" skipped="0">
  <testcase classname="com.crm.genericutility.Example" name="createContact" time="4.931"/>
  <testcase classname="com.crm.genericutility.Example" name="createContact" time="4.931"/>
</testsuite> <!-- com.crm.genericutility.Example -->
