<?xml version="1.0" encoding="UTF-8"?>
<!-- Generated by org.testng.reporters.JUnitReportReporter -->
<testsuite hostname="LAPTOP-PG58VPJS" failures="0" tests="1" name="com.comcast.crm.contacttest.CreateContactTest" time="37.563" errors="0" timestamp="2024-06-28T10:32:07 IST" skipped="0">
  <testcase classname="com.comcast.crm.contacttest.CreateContactTest" name="createContactWithOrgTest" time="37.563"/>
</testsuite> <!-- com.comcast.crm.contacttest.CreateContactTest -->
