<?xml version="1.0" encoding="UTF-8"?>
<!-- Generated by org.testng.reporters.JUnitReportReporter -->
<testsuite hostname="LAPTOP-PG58VPJS" failures="0" tests="1" name="practice.test.SampleReportTest" time="8.163" errors="0" timestamp="2024-06-24T11:33:43 IST" skipped="0">
  <testcase classname="practice.test.SampleReportTest" name="createContactTest" time="8.163"/>
</testsuite> <!-- practice.test.SampleReportTest -->
